Log file open, 08/31/22 13:57:25
LogWindows: Failed to load 'aqProf.dll' (GetLastError=126)
LogWindows: File 'aqProf.dll' does not exist
LogWindows: Failed to load 'VtuneApi.dll' (GetLastError=126)
LogWindows: File 'VtuneApi.dll' does not exist
LogWindows: Failed to load 'VtuneApi32e.dll' (GetLastError=126)
LogWindows: File 'VtuneApi32e.dll' does not exist
LogConsoleResponse: Display: Failed to find resolution value strings in scalability ini. Falling back to default.
LogConsoleResponse: Display: Failed to find resolution value strings in scalability ini. Falling back to default.
LogInit: Display: Running engine for game: WeekThird1
LogPlatformFile: Not using cached read wrapper
LogTaskGraph: Started task graph with 5 named threads and 23 total threads with 3 sets of task threads.
LogStats: Stats thread started at 0.198669
LogICUInternationalization: ICU TimeZone Detection - Raw Offset: +9:00, Platform Override: ''
LogInit: Display: Loading text-based GConfig....
LogPluginManager: Mounting plugin MeshPainting
LogPluginManager: Mounting plugin MegascansPlugin
LogPluginManager: Mounting plugin XGEController
LogPluginManager: Mounting plugin Paper2D
LogPluginManager: Mounting plugin AISupport
LogPluginManager: Mounting plugin LightPropagationVolume
LogPluginManager: Mounting plugin EnvironmentQueryEditor
LogPluginManager: Mounting plugin LiveLink
LogPluginManager: Mounting plugin CameraShakePreviewer
LogPluginManager: Mounting plugin GameplayCameras
LogPluginManager: Mounting plugin AnimationSharing
LogPluginManager: Mounting plugin CLionSourceCodeAccess
LogPluginManager: Mounting plugin CodeLiteSourceCodeAccess
LogPluginManager: Mounting plugin KDevelopSourceCodeAccess
LogPluginManager: Mounting plugin NullSourceCodeAccess
LogPluginManager: Mounting plugin GitSourceControl
LogPluginManager: Mounting plugin PerforceSourceControl
LogPluginManager: Mounting plugin PixWinPlugin
LogPluginManager: Mounting plugin PlasticSourceControl
LogPluginManager: Mounting plugin PluginUtils
LogPluginManager: Mounting plugin RiderSourceCodeAccess
LogPluginManager: Mounting plugin PropertyAccessNode
LogPluginManager: Mounting plugin SubversionSourceControl
LogPluginManager: Mounting plugin TextureFormatOodle
LogPluginManager: Mounting plugin UObjectPlugin
LogPluginManager: Mounting plugin VisualStudioSourceCodeAccess
LogPluginManager: Mounting plugin XCodeSourceCodeAccess
LogPluginManager: Mounting plugin VisualStudioCodeSourceCodeAccess
LogPluginManager: Mounting plugin AssetManagerEditor
LogPluginManager: Mounting plugin EditorScriptingUtilities
LogPluginManager: Mounting plugin CryptoKeys
LogPluginManager: Mounting plugin CurveEditorTools
LogPluginManager: Mounting plugin DataValidation
LogPluginManager: Mounting plugin FacialAnimation
LogPluginManager: Mounting plugin GameplayTagsEditor
LogPluginManager: Mounting plugin GeometryMode
LogPluginManager: Mounting plugin MacGraphicsSwitching
LogPluginManager: Mounting plugin MaterialAnalyzer
LogPluginManager: Mounting plugin MobileLauncherProfileWizard
LogPluginManager: Mounting plugin SpeedTreeImporter
LogPluginManager: Mounting plugin PluginBrowser
LogPluginManager: Mounting plugin DatasmithContent
LogPluginManager: Mounting plugin AlembicImporter
LogPluginManager: Mounting plugin VariantManagerContent
LogPluginManager: Mounting plugin BackChannel
LogPluginManager: Mounting plugin AutomationUtils
LogPluginManager: Mounting plugin ChaosCloth
LogPluginManager: Mounting plugin ChaosClothEditor
LogPluginManager: Mounting plugin ChaosEditor
LogPluginManager: Mounting plugin ChaosNiagara
LogPluginManager: Mounting plugin ChaosSolverPlugin
LogPluginManager: Mounting plugin CharacterAI
LogPluginManager: Mounting plugin Niagara
LogPluginManager: Mounting plugin GeometryCache
LogPluginManager: Mounting plugin GeometryCollectionPlugin
LogPluginManager: Mounting plugin GeometryProcessing
LogPluginManager: Mounting plugin MotoSynth
LogPluginManager: Mounting plugin OpenImageDenoise
LogPluginManager: Mounting plugin PlanarCut
LogPluginManager: Mounting plugin PlatformCrypto
LogPluginManager: Mounting plugin ProxyLODPlugin
LogPluginManager: Mounting plugin PythonScriptPlugin
LogPluginManager: Mounting plugin SkeletalReduction
LogPluginManager: Mounting plugin LuminPlatformFeatures
LogPluginManager: Mounting plugin MagicLeap
LogPluginManager: Mounting plugin MagicLeapLightEstimation
LogPluginManager: Mounting plugin MagicLeapMedia
LogPluginManager: Mounting plugin MagicLeapPassableWorld
LogPluginManager: Mounting plugin MLSDK
LogPluginManager: Mounting plugin TcpMessaging
LogPluginManager: Mounting plugin UdpMessaging
LogPluginManager: Mounting plugin AndroidMedia
LogPluginManager: Mounting plugin AvfMedia
LogPluginManager: Mounting plugin ImgMedia
LogPluginManager: Mounting plugin MediaCompositing
LogPluginManager: Mounting plugin MediaPlayerEditor
LogPluginManager: Mounting plugin WebMMedia
LogPluginManager: Mounting plugin WmfMedia
LogPluginManager: Mounting plugin LevelSequenceEditor
LogPluginManager: Mounting plugin ActorSequence
LogPluginManager: Mounting plugin MatineeToLevelSequence
LogPluginManager: Mounting plugin TemplateSequence
LogPluginManager: Mounting plugin OnlineSubsystem
LogPluginManager: Mounting plugin OnlineSubsystemNull
LogPluginManager: Mounting plugin OnlineSubsystemUtils
LogPluginManager: Mounting plugin LauncherChunkInstaller
LogPluginManager: Mounting plugin ActorLayerUtilities
LogPluginManager: Mounting plugin AndroidDeviceProfileSelector
LogPluginManager: Mounting plugin AndroidMoviePlayer
LogPluginManager: Mounting plugin AndroidPermission
LogPluginManager: Mounting plugin AppleMoviePlayer
LogPluginManager: Mounting plugin AppleImageUtils
LogPluginManager: Mounting plugin ArchVisCharacter
LogPluginManager: Mounting plugin AssetTags
LogPluginManager: Mounting plugin AudioCapture
LogPluginManager: Mounting plugin AudioSynesthesia
LogPluginManager: Mounting plugin CableComponent
LogPluginManager: Mounting plugin ChunkDownloader
LogPluginManager: Mounting plugin CustomMeshComponent
LogPluginManager: Mounting plugin EditableMesh
LogPluginManager: Mounting plugin ExampleDeviceProfileSelector
LogPluginManager: Mounting plugin GoogleCloudMessaging
LogPluginManager: Mounting plugin GooglePAD
LogPluginManager: Mounting plugin IOSDeviceProfileSelector
LogPluginManager: Mounting plugin LinuxDeviceProfileSelector
LogPluginManager: Mounting plugin LocationServicesBPLibrary
LogPluginManager: Mounting plugin MobilePatchingUtils
LogPluginManager: Mounting plugin OpenXR
LogPluginManager: Mounting plugin OpenXREyeTracker
LogPluginManager: Mounting plugin OpenXRHandTracking
LogPluginManager: Mounting plugin PhysXVehicles
LogPluginManager: Mounting plugin ScreenshotTools
LogPluginManager: Mounting plugin ProceduralMeshComponent
LogPluginManager: Mounting plugin PostSplashScreen
LogPluginManager: Mounting plugin PropertyAccessEditor
LogPluginManager: Mounting plugin RuntimePhysXCooking
LogPluginManager: Mounting plugin SignificanceManager
LogPluginManager: Mounting plugin SoundFields
LogPluginManager: Mounting plugin Synthesis
LogPluginManager: Mounting plugin WebMMoviePlayer
LogPluginManager: Mounting plugin WindowsMoviePlayer
LogPluginManager: Mounting plugin Takes
LogPluginManager: Mounting plugin OodleData
LogPluginManager: Mounting plugin OodleNetwork
LogPluginManager: Mounting plugin ContentBrowserAssetDataSource
LogPluginManager: Mounting plugin ContentBrowserFileDataSource
LogPluginManager: Mounting plugin ContentBrowserClassDataSource
LogPluginManager: Mounting plugin OnlineSubsystemGooglePlay
LogPluginManager: Mounting plugin OnlineSubsystemIOS
LogPluginManager: Mounting plugin DatabaseSupport
LogPluginManager: Mounting plugin SQLiteCore
LogPluginManager: Mounting plugin SQLiteSupport
LogPluginManager: Mounting plugin OculusVR
LogPluginManager: Mounting plugin SteamVR
PixWinPlugin: PIX capture plugin failed to initialize! Check that the process is launched from PIX.
LogInit: Using libcurl 7.55.1-DEV
LogInit:  - built for x86_64-pc-win32
LogInit:  - supports SSL with OpenSSL/1.1.1
LogInit:  - supports HTTP deflate (compression) using libz 1.2.8
LogInit:  - other features:
LogInit:      CURL_VERSION_SSL
LogInit:      CURL_VERSION_LIBZ
LogInit:      CURL_VERSION_IPV6
LogInit:      CURL_VERSION_ASYNCHDNS
LogInit:      CURL_VERSION_LARGEFILE
LogInit:      CURL_VERSION_IDN
LogInit:  CurlRequestOptions (configurable via config and command line):
LogInit:  - bVerifyPeer = true  - Libcurl will verify peer certificate
LogInit:  - bUseHttpProxy = false  - Libcurl will NOT use HTTP proxy
LogInit:  - bDontReuseConnections = false  - Libcurl will reuse connections
LogInit:  - MaxHostConnections = 16  - Libcurl will limit the number of connections to a host
LogInit:  - LocalHostAddr = Default
LogInit:  - BufferSize = 65536
LogOnline: OSS: Creating online subsystem instance for: NULL
LogInit: WinSock: version 1.1 (2.2), MaxSocks=32767, MaxUdp=65467
LogOnline: OSS: TryLoadSubsystemAndSetDefault: Loaded subsystem for module [NULL]
LogOculusPluginWrapper: OculusPlugin initialized successfully
LogHMD: Failed initializing OVRPlugin 1.59.0
LogInit: Build: ++UE4+Release-4.27-CL-18319896
LogInit: Engine Version: 4.27.2-18319896+++UE4+Release-4.27
LogInit: Compatible Engine Version: 4.27.0-17155196+++UE4+Release-4.27
LogInit: Net CL: 17155196
LogInit: OS: Windows 10 (Release 2004) (), CPU: Intel(R) Core(TM) i5-10300H CPU @ 2.50GHz, GPU: Intel(R) UHD Graphics
LogInit: Compiled (64-bit): Nov 30 2021 07:12:08
LogInit: Compiled with Visual C++: 19.24.28315.00
LogInit: Build Configuration: Development
LogInit: Branch Name: ++UE4+Release-4.27
LogInit: Command Line:  /Game/HelloUnreal/NewWorld -game -PIEVIACONSOLE -Multiprocess GameUserSettingsINI=C:/Work/UnrealMeta1/HelloUnreal/Saved/Config/Windows/PIEGameUserSettings0.ini -MultiprocessSaveConfig -forcepassthrough -messaging -SessionName="Play in Standalone Game" -windowed -WinX=185 -WinY=146 SAVEWINPOS=1 -ResX=1378 -ResY=996
LogInit: Base Directory: C:/Program Files/Epic Games/UE_4.27/Engine/Binaries/Win64/
LogInit: Allocator: TBB
LogInit: Installed Engine Build: 1
LogDevObjectVersion: Number of dev versions registered: 29
LogDevObjectVersion:   Dev-Blueprints (B0D832E4-1F89-4F0D-ACCF-7EB736FD4AA2): 10
LogDevObjectVersion:   Dev-Build (E1C64328-A22C-4D53-A36C-8E866417BD8C): 0
LogDevObjectVersion:   Dev-Core (375EC13C-06E4-48FB-B500-84F0262A717E): 4
LogDevObjectVersion:   Dev-Editor (E4B068ED-F494-42E9-A231-DA0B2E46BB41): 40
LogDevObjectVersion:   Dev-Framework (CFFC743F-43B0-4480-9391-14DF171D2073): 37
LogDevObjectVersion:   Dev-Mobile (B02B49B5-BB20-44E9-A304-32B752E40360): 3
LogDevObjectVersion:   Dev-Networking (A4E4105C-59A1-49B5-A7C5-40C4547EDFEE): 0
LogDevObjectVersion:   Dev-Online (39C831C9-5AE6-47DC-9A44-9C173E1C8E7C): 0
LogDevObjectVersion:   Dev-Physics (78F01B33-EBEA-4F98-B9B4-84EACCB95AA2): 14
LogDevObjectVersion:   Dev-Platform (6631380F-2D4D-43E0-8009-CF276956A95A): 0
LogDevObjectVersion:   Dev-Rendering (12F88B9F-8875-4AFC-A67C-D90C383ABD29): 45
LogDevObjectVersion:   Dev-Sequencer (7B5AE74C-D270-4C10-A958-57980B212A5A): 13
LogDevObjectVersion:   Dev-VR (D7296918-1DD6-4BDD-9DE2-64A83CC13884): 3
LogDevObjectVersion:   Dev-LoadTimes (C2A15278-BFE7-4AFE-6C17-90FF531DF755): 1
LogDevObjectVersion:   Private-Geometry (6EACA3D4-40EC-4CC1-B786-8BED09428FC5): 3
LogDevObjectVersion:   Dev-AnimPhys (29E575DD-E0A3-4627-9D10-D276232CDCEA): 17
LogDevObjectVersion:   Dev-Anim (AF43A65D-7FD3-4947-9873-3E8ED9C1BB05): 15
LogDevObjectVersion:   Dev-ReflectionCapture (6B266CEC-1EC7-4B8F-A30B-E4D90942FC07): 1
LogDevObjectVersion:   Dev-Automation (0DF73D61-A23F-47EA-B727-89E90C41499A): 1
LogDevObjectVersion:   FortniteMain (601D1886-AC64-4F84-AA16-D3DE0DEAC7D6): 47
LogDevObjectVersion:   FortniteRelease (E7086368-6B23-4C58-8439-1B7016265E91): 1
LogDevObjectVersion:   Dev-Enterprise (9DFFBCD6-494F-0158-E221-12823C92A888): 10
LogDevObjectVersion:   Dev-Niagara (F2AED0AC-9AFE-416F-8664-AA7FFA26D6FC): 1
LogDevObjectVersion:   Dev-Destruction (174F1F0B-B4C6-45A5-B13F-2EE8D0FB917D): 10
LogDevObjectVersion:   Dev-Physics-Ext (35F94A83-E258-406C-A318-09F59610247C): 41
LogDevObjectVersion:   Dev-PhysicsMaterial-Chaos (B68FC16E-8B1B-42E2-B453-215C058844FE): 1
LogDevObjectVersion:   Dev-CineCamera (B2E18506-4273-CFC2-A54E-F4BB758BBA07): 1
LogDevObjectVersion:   Dev-VirtualProduction (64F58936-FD1B-42BA-BA96-7289D5D0FA4E): 1
LogDevObjectVersion:   Dev-MediaFramework (6F0ED827-A609-4895-9C91-998D90180EA4): 2
LogInit: Presizing for max 25165824 objects, including 0 objects not considered by GC, pre-allocating 0 bytes for permanent pool.
LogConfig: Applying CVar settings from Section [/Script/Engine.StreamingSettings] File [C:/Work/UnrealMeta1/HelloUnreal/Saved/Config/Windows/Engine.ini]
LogConfig: Setting CVar [[s.MinBulkDataSizeForAsyncLoading:131072]]
LogConfig: Setting CVar [[s.AsyncLoadingThreadEnabled:0]]
LogConfig: Setting CVar [[s.EventDrivenLoaderEnabled:1]]
LogConfig: Setting CVar [[s.WarnIfTimeLimitExceeded:0]]
LogConfig: Setting CVar [[s.TimeLimitExceededMultiplier:1.5]]
LogConfig: Setting CVar [[s.TimeLimitExceededMinTime:0.005]]
LogConfig: Setting CVar [[s.UseBackgroundLevelStreaming:1]]
LogConfig: Setting CVar [[s.PriorityAsyncLoadingExtraTime:15.0]]
LogConfig: Setting CVar [[s.LevelStreamingActorsUpdateTimeLimit:5.0]]
LogConfig: Setting CVar [[s.PriorityLevelStreamingActorsUpdateExtraTime:5.0]]
LogConfig: Setting CVar [[s.LevelStreamingComponentsRegistrationGranularity:10]]
LogConfig: Setting CVar [[s.UnregisterComponentsTimeLimit:1.0]]
LogConfig: Setting CVar [[s.LevelStreamingComponentsUnregistrationGranularity:5]]
LogConfig: Setting CVar [[s.FlushStreamingOnExit:1]]
LogInit: Object subsystem initialized
LogConfig: Setting CVar [[con.DebugEarlyDefault:1]]
LogConfig: Setting CVar [[r.setres:1280x720]]
[2022.08.31-04.57.25:623][  0]LogConfig: Setting CVar [[con.DebugEarlyDefault:1]]
[2022.08.31-04.57.25:623][  0]LogConfig: Setting CVar [[r.setres:1280x720]]
[2022.08.31-04.57.25:623][  0]LogConfig: Applying CVar settings from Section [/Script/Engine.RendererSettings] File [C:/Work/UnrealMeta1/HelloUnreal/Saved/Config/Windows/Engine.ini]
[2022.08.31-04.57.25:623][  0]LogConfig: Setting CVar [[r.GPUCrashDebugging:0]]
[2022.08.31-04.57.25:623][  0]LogConfig: Applying CVar settings from Section [/Script/Engine.RendererOverrideSettings] File [C:/Work/UnrealMeta1/HelloUnreal/Saved/Config/Windows/Engine.ini]
[2022.08.31-04.57.25:623][  0]LogConfig: Applying CVar settings from Section [/Script/Engine.StreamingSettings] File [C:/Work/UnrealMeta1/HelloUnreal/Saved/Config/Windows/Engine.ini]
[2022.08.31-04.57.25:623][  0]LogConfig: Setting CVar [[s.MinBulkDataSizeForAsyncLoading:131072]]
[2022.08.31-04.57.25:623][  0]LogConfig: Setting CVar [[s.AsyncLoadingThreadEnabled:0]]
[2022.08.31-04.57.25:623][  0]LogConfig: Setting CVar [[s.EventDrivenLoaderEnabled:1]]
[2022.08.31-04.57.25:623][  0]LogConfig: Setting CVar [[s.WarnIfTimeLimitExceeded:0]]
[2022.08.31-04.57.25:623][  0]LogConfig: Setting CVar [[s.TimeLimitExceededMultiplier:1.5]]
[2022.08.31-04.57.25:623][  0]LogConfig: Setting CVar [[s.TimeLimitExceededMinTime:0.005]]
[2022.08.31-04.57.25:623][  0]LogConfig: Setting CVar [[s.UseBackgroundLevelStreaming:1]]
[2022.08.31-04.57.25:623][  0]LogConfig: Setting CVar [[s.PriorityAsyncLoadingExtraTime:15.0]]
[2022.08.31-04.57.25:623][  0]LogConfig: Setting CVar [[s.LevelStreamingActorsUpdateTimeLimit:5.0]]
[2022.08.31-04.57.25:623][  0]LogConfig: Setting CVar [[s.PriorityLevelStreamingActorsUpdateExtraTime:5.0]]
[2022.08.31-04.57.25:623][  0]LogConfig: Setting CVar [[s.LevelStreamingComponentsRegistrationGranularity:10]]
[2022.08.31-04.57.25:623][  0]LogConfig: Setting CVar [[s.UnregisterComponentsTimeLimit:1.0]]
[2022.08.31-04.57.25:623][  0]LogConfig: Setting CVar [[s.LevelStreamingComponentsUnregistrationGranularity:5]]
[2022.08.31-04.57.25:623][  0]LogConfig: Setting CVar [[s.FlushStreamingOnExit:1]]
[2022.08.31-04.57.25:623][  0]LogConfig: Applying CVar settings from Section [/Script/Engine.GarbageCollectionSettings] File [C:/Work/UnrealMeta1/HelloUnreal/Saved/Config/Windows/Engine.ini]
[2022.08.31-04.57.25:623][  0]LogConfig: Setting CVar [[gc.MaxObjectsNotConsideredByGC:1]]
[2022.08.31-04.57.25:623][  0]LogConfig: Setting CVar [[gc.SizeOfPermanentObjectPool:0]]
[2022.08.31-04.57.25:623][  0]LogConfig: Setting CVar [[gc.FlushStreamingOnGC:0]]
[2022.08.31-04.57.25:623][  0]LogConfig: Setting CVar [[gc.NumRetriesBeforeForcingGC:10]]
[2022.08.31-04.57.25:623][  0]LogConfig: Setting CVar [[gc.AllowParallelGC:1]]
[2022.08.31-04.57.25:623][  0]LogConfig: Setting CVar [[gc.TimeBetweenPurgingPendingKillObjects:61.1]]
[2022.08.31-04.57.25:623][  0]LogConfig: Setting CVar [[gc.MaxObjectsInEditor:25165824]]
[2022.08.31-04.57.25:623][  0]LogConfig: Setting CVar [[gc.IncrementalBeginDestroyEnabled:1]]
[2022.08.31-04.57.25:623][  0]LogConfig: Setting CVar [[gc.CreateGCClusters:1]]
[2022.08.31-04.57.25:623][  0]LogConfig: Setting CVar [[gc.MinGCClusterSize:5]]
[2022.08.31-04.57.25:623][  0]LogConfig: Setting CVar [[gc.ActorClusteringEnabled:0]]
[2022.08.31-04.57.25:623][  0]LogConfig: Setting CVar [[gc.BlueprintClusteringEnabled:0]]
[2022.08.31-04.57.25:623][  0]LogConfig: Setting CVar [[gc.UseDisregardForGCOnDedicatedServers:0]]
[2022.08.31-04.57.25:623][  0]LogConfig: Setting CVar [[gc.MultithreadedDestructionEnabled:1]]
[2022.08.31-04.57.25:623][  0]LogConfig: Applying CVar settings from Section [/Script/Engine.NetworkSettings] File [C:/Work/UnrealMeta1/HelloUnreal/Saved/Config/Windows/Engine.ini]
[2022.08.31-04.57.25:623][  0]LogConfig: Applying CVar settings from Section [/Script/UnrealEd.CookerSettings] File [C:/Work/UnrealMeta1/HelloUnreal/Saved/Config/Windows/Engine.ini]
[2022.08.31-04.57.25:628][  0]LogConfig: Applying CVar settings from Section [ViewDistanceQuality@3] File [C:/Work/UnrealMeta1/HelloUnreal/Saved/Config/Windows/Scalability.ini]
[2022.08.31-04.57.25:628][  0]LogConfig: Setting CVar [[r.SkeletalMeshLODBias:0]]
[2022.08.31-04.57.25:628][  0]LogConfig: Setting CVar [[r.ViewDistanceScale:1.0]]
[2022.08.31-04.57.25:628][  0]LogConfig: Applying CVar settings from Section [AntiAliasingQuality@3] File [C:/Work/UnrealMeta1/HelloUnreal/Saved/Config/Windows/Scalability.ini]
[2022.08.31-04.57.25:628][  0]LogConfig: Setting CVar [[r.PostProcessAAQuality:4]]
[2022.08.31-04.57.25:628][  0]LogConfig: Applying CVar settings from Section [ShadowQuality@3] File [C:/Work/UnrealMeta1/HelloUnreal/Saved/Config/Windows/Scalability.ini]
[2022.08.31-04.57.25:628][  0]LogConfig: Setting CVar [[r.LightFunctionQuality:1]]
[2022.08.31-04.57.25:628][  0]LogConfig: Setting CVar [[r.ShadowQuality:5]]
[2022.08.31-04.57.25:628][  0]LogConfig: Setting CVar [[r.Shadow.CSM.MaxCascades:10]]
[2022.08.31-04.57.25:628][  0]LogConfig: Setting CVar [[r.Shadow.MaxResolution:2048]]
[2022.08.31-04.57.25:628][  0]LogConfig: Setting CVar [[r.Shadow.MaxCSMResolution:2048]]
[2022.08.31-04.57.25:628][  0]LogConfig: Setting CVar [[r.Shadow.RadiusThreshold:0.01]]
[2022.08.31-04.57.25:628][  0]LogConfig: Setting CVar [[r.Shadow.DistanceScale:1.0]]
[2022.08.31-04.57.25:628][  0]LogConfig: Setting CVar [[r.Shadow.CSM.TransitionScale:1.0]]
[2022.08.31-04.57.25:628][  0]LogConfig: Setting CVar [[r.Shadow.PreShadowResolutionFactor:1.0]]
[2022.08.31-04.57.25:628][  0]LogConfig: Setting CVar [[r.DistanceFieldShadowing:1]]
[2022.08.31-04.57.25:628][  0]LogConfig: Setting CVar [[r.DistanceFieldAO:1]]
[2022.08.31-04.57.25:628][  0]LogConfig: Setting CVar [[r.AOQuality:2]]
[2022.08.31-04.57.25:628][  0]LogConfig: Setting CVar [[r.VolumetricFog:1]]
[2022.08.31-04.57.25:628][  0]LogConfig: Setting CVar [[r.VolumetricFog.GridPixelSize:8]]
[2022.08.31-04.57.25:628][  0]LogConfig: Setting CVar [[r.VolumetricFog.GridSizeZ:128]]
[2022.08.31-04.57.25:628][  0]LogConfig: Setting CVar [[r.VolumetricFog.HistoryMissSupersampleCount:4]]
[2022.08.31-04.57.25:628][  0]LogConfig: Setting CVar [[r.LightMaxDrawDistanceScale:1]]
[2022.08.31-04.57.25:628][  0]LogConfig: Setting CVar [[r.CapsuleShadows:1]]
[2022.08.31-04.57.25:628][  0]LogConfig: Applying CVar settings from Section [PostProcessQuality@3] File [C:/Work/UnrealMeta1/HelloUnreal/Saved/Config/Windows/Scalability.ini]
[2022.08.31-04.57.25:628][  0]LogConfig: Setting CVar [[r.MotionBlurQuality:4]]
[2022.08.31-04.57.25:628][  0]LogConfig: Setting CVar [[r.AmbientOcclusionMipLevelFactor:0.4]]
[2022.08.31-04.57.25:628][  0]LogConfig: Setting CVar [[r.AmbientOcclusionMaxQuality:100]]
[2022.08.31-04.57.25:628][  0]LogConfig: Setting CVar [[r.AmbientOcclusionLevels:-1]]
[2022.08.31-04.57.25:628][  0]LogConfig: Setting CVar [[r.AmbientOcclusionRadiusScale:1.0]]
[2022.08.31-04.57.25:628][  0]LogConfig: Setting CVar [[r.DepthOfFieldQuality:2]]
[2022.08.31-04.57.25:628][  0]LogConfig: Setting CVar [[r.RenderTargetPoolMin:400]]
[2022.08.31-04.57.25:628][  0]LogConfig: Setting CVar [[r.LensFlareQuality:2]]
[2022.08.31-04.57.25:628][  0]LogConfig: Setting CVar [[r.SceneColorFringeQuality:1]]
[2022.08.31-04.57.25:628][  0]LogConfig: Setting CVar [[r.EyeAdaptationQuality:2]]
[2022.08.31-04.57.25:628][  0]LogConfig: Setting CVar [[r.BloomQuality:5]]
[2022.08.31-04.57.25:628][  0]LogConfig: Setting CVar [[r.FastBlurThreshold:100]]
[2022.08.31-04.57.25:628][  0]LogConfig: Setting CVar [[r.Upscale.Quality:3]]
[2022.08.31-04.57.25:628][  0]LogConfig: Setting CVar [[r.Tonemapper.GrainQuantization:1]]
[2022.08.31-04.57.25:628][  0]LogConfig: Setting CVar [[r.LightShaftQuality:1]]
[2022.08.31-04.57.25:628][  0]LogConfig: Setting CVar [[r.Filter.SizeScale:1]]
[2022.08.31-04.57.25:628][  0]LogConfig: Setting CVar [[r.Tonemapper.Quality:5]]
[2022.08.31-04.57.25:628][  0]LogConfig: Setting CVar [[r.DOF.Gather.AccumulatorQuality:1        ; higher gathering accumulator quality]]
[2022.08.31-04.57.25:628][  0]LogConfig: Setting CVar [[r.DOF.Gather.PostfilterMethod:1          ; Median3x3 postfilering method]]
[2022.08.31-04.57.25:628][  0]LogConfig: Setting CVar [[r.DOF.Gather.EnableBokehSettings:0       ; no bokeh simulation when gathering]]
[2022.08.31-04.57.25:628][  0]LogConfig: Setting CVar [[r.DOF.Gather.RingCount:4                 ; medium number of samples when gathering]]
[2022.08.31-04.57.25:628][  0]LogConfig: Setting CVar [[r.DOF.Scatter.ForegroundCompositing:1    ; additive foreground scattering]]
[2022.08.31-04.57.25:628][  0]LogConfig: Setting CVar [[r.DOF.Scatter.BackgroundCompositing:2    ; additive background scattering]]
[2022.08.31-04.57.25:628][  0]LogConfig: Setting CVar [[r.DOF.Scatter.EnableBokehSettings:1      ; bokeh simulation when scattering]]
[2022.08.31-04.57.25:628][  0]LogConfig: Setting CVar [[r.DOF.Scatter.MaxSpriteRatio:0.1         ; only a maximum of 10% of scattered bokeh]]
[2022.08.31-04.57.25:628][  0]LogConfig: Setting CVar [[r.DOF.Recombine.Quality:1                ; cheap slight out of focus]]
[2022.08.31-04.57.25:628][  0]LogConfig: Setting CVar [[r.DOF.Recombine.EnableBokehSettings:0    ; no bokeh simulation on slight out of focus]]
[2022.08.31-04.57.25:628][  0]LogConfig: Setting CVar [[r.DOF.TemporalAAQuality:1                ; more stable temporal accumulation]]
[2022.08.31-04.57.25:628][  0]LogConfig: Setting CVar [[r.DOF.Kernel.MaxForegroundRadius:0.025]]
[2022.08.31-04.57.25:628][  0]LogConfig: Setting CVar [[r.DOF.Kernel.MaxBackgroundRadius:0.025]]
[2022.08.31-04.57.25:628][  0]LogConfig: Applying CVar settings from Section [TextureQuality@3] File [C:/Work/UnrealMeta1/HelloUnreal/Saved/Config/Windows/Scalability.ini]
[2022.08.31-04.57.25:628][  0]LogConfig: Setting CVar [[r.Streaming.MipBias:0]]
[2022.08.31-04.57.25:628][  0]LogConfig: Setting CVar [[r.Streaming.AmortizeCPUToGPUCopy:0]]
[2022.08.31-04.57.25:628][  0]LogConfig: Setting CVar [[r.Streaming.MaxNumTexturesToStreamPerFrame:0]]
[2022.08.31-04.57.25:628][  0]LogConfig: Setting CVar [[r.Streaming.Boost:1]]
[2022.08.31-04.57.25:628][  0]LogConfig: Setting CVar [[r.MaxAnisotropy:8]]
[2022.08.31-04.57.25:628][  0]LogConfig: Setting CVar [[r.VT.MaxAnisotropy:8]]
[2022.08.31-04.57.25:628][  0]LogConfig: Setting CVar [[r.Streaming.LimitPoolSizeToVRAM:0]]
[2022.08.31-04.57.25:629][  0]LogConfig: Setting CVar [[r.Streaming.PoolSize:1000]]
[2022.08.31-04.57.25:629][  0]LogConfig: Setting CVar [[r.Streaming.MaxEffectiveScreenSize:0]]
[2022.08.31-04.57.25:629][  0]LogConfig: Applying CVar settings from Section [EffectsQuality@3] File [C:/Work/UnrealMeta1/HelloUnreal/Saved/Config/Windows/Scalability.ini]
[2022.08.31-04.57.25:629][  0]LogConfig: Setting CVar [[r.TranslucencyLightingVolumeDim:64]]
[2022.08.31-04.57.25:629][  0]LogConfig: Setting CVar [[r.RefractionQuality:2]]
[2022.08.31-04.57.25:629][  0]LogConfig: Setting CVar [[r.SSR.Quality:3]]
[2022.08.31-04.57.25:629][  0]LogConfig: Setting CVar [[r.SSR.HalfResSceneColor:0]]
[2022.08.31-04.57.25:629][  0]LogConfig: Setting CVar [[r.SceneColorFormat:4]]
[2022.08.31-04.57.25:629][  0]LogConfig: Setting CVar [[r.DetailMode:2]]
[2022.08.31-04.57.25:629][  0]LogConfig: Setting CVar [[r.TranslucencyVolumeBlur:1]]
[2022.08.31-04.57.25:629][  0]LogConfig: Setting CVar [[r.MaterialQualityLevel:1 ; High quality]]
[2022.08.31-04.57.25:629][  0]LogConfig: Setting CVar [[r.AnisotropicMaterials:1]]
[2022.08.31-04.57.25:629][  0]LogConfig: Setting CVar [[r.SSS.Scale:1]]
[2022.08.31-04.57.25:629][  0]LogConfig: Setting CVar [[r.SSS.SampleSet:2]]
[2022.08.31-04.57.25:629][  0]LogConfig: Setting CVar [[r.SSS.Quality:1]]
[2022.08.31-04.57.25:629][  0]LogConfig: Setting CVar [[r.SSS.HalfRes:0]]
[2022.08.31-04.57.25:629][  0]LogConfig: Setting CVar [[r.SSGI.Quality:3]]
[2022.08.31-04.57.25:629][  0]LogConfig: Setting CVar [[r.EmitterSpawnRateScale:1.0]]
[2022.08.31-04.57.25:629][  0]LogConfig: Setting CVar [[r.ParticleLightQuality:2]]
[2022.08.31-04.57.25:629][  0]LogConfig: Setting CVar [[r.SkyAtmosphere.AerialPerspectiveLUT.FastApplyOnOpaque:1 ; Always have FastSkyLUT 1 in this case to avoid wrong sky]]
[2022.08.31-04.57.25:629][  0]LogConfig: Setting CVar [[r.SkyAtmosphere.AerialPerspectiveLUT.SampleCountMaxPerSlice:4]]
[2022.08.31-04.57.25:629][  0]LogConfig: Setting CVar [[r.SkyAtmosphere.AerialPerspectiveLUT.DepthResolution:16.0]]
[2022.08.31-04.57.25:629][  0]LogConfig: Setting CVar [[r.SkyAtmosphere.FastSkyLUT:1]]
[2022.08.31-04.57.25:629][  0]LogConfig: Setting CVar [[r.SkyAtmosphere.FastSkyLUT.SampleCountMin:4.0]]
[2022.08.31-04.57.25:629][  0]LogConfig: Setting CVar [[r.SkyAtmosphere.FastSkyLUT.SampleCountMax:128.0]]
[2022.08.31-04.57.25:629][  0]LogConfig: Setting CVar [[r.SkyAtmosphere.SampleCountMin:4.0]]
[2022.08.31-04.57.25:629][  0]LogConfig: Setting CVar [[r.SkyAtmosphere.SampleCountMax:128.0]]
[2022.08.31-04.57.25:629][  0]LogConfig: Setting CVar [[r.SkyAtmosphere.TransmittanceLUT.UseSmallFormat:0]]
[2022.08.31-04.57.25:629][  0]LogConfig: Setting CVar [[r.SkyAtmosphere.TransmittanceLUT.SampleCount:10.0]]
[2022.08.31-04.57.25:629][  0]LogConfig: Setting CVar [[r.SkyAtmosphere.MultiScatteringLUT.SampleCount:15.0]]
[2022.08.31-04.57.25:629][  0]LogConfig: Setting CVar [[r.SkyLight.RealTimeReflectionCapture:1]]
[2022.08.31-04.57.25:629][  0]LogConfig: Applying CVar settings from Section [FoliageQuality@3] File [C:/Work/UnrealMeta1/HelloUnreal/Saved/Config/Windows/Scalability.ini]
[2022.08.31-04.57.25:629][  0]LogConfig: Setting CVar [[foliage.DensityScale:1.0]]
[2022.08.31-04.57.25:629][  0]LogConfig: Setting CVar [[grass.DensityScale:1.0]]
[2022.08.31-04.57.25:629][  0]LogConfig: Applying CVar settings from Section [ShadingQuality@3] File [C:/Work/UnrealMeta1/HelloUnreal/Saved/Config/Windows/Scalability.ini]
[2022.08.31-04.57.25:629][  0]LogConfig: Setting CVar [[r.HairStrands.SkyLighting.IntegrationType:2]]
[2022.08.31-04.57.25:629][  0]LogConfig: Setting CVar [[r.HairStrands.SkyAO.SampleCount:4]]
[2022.08.31-04.57.25:629][  0]LogConfig: Setting CVar [[r.HairStrands.Visibility.MSAA.SamplePerPixel:4]]
[2022.08.31-04.57.25:629][  0]LogInit: Selected Device Profile: [Windows]
[2022.08.31-04.57.25:629][  0]LogInit: Applying CVar settings loaded from the selected device profile: [Windows]
[2022.08.31-04.57.25:629][  0]LogHAL: Display: Platform has ~ 16 GB [16989282304 / 17179869184 / 16], which maps to Larger [LargestMinGB=32, LargerMinGB=12, DefaultMinGB=8, SmallerMinGB=6, SmallestMinGB=0)
[2022.08.31-04.57.25:629][  0]LogInit: Going up to parent DeviceProfile []
[2022.08.31-04.57.25:629][  0]LogConfig: Applying CVar settings from Section [ViewDistanceQuality@3] File [C:/Work/UnrealMeta1/HelloUnreal/Saved/Config/Windows/Scalability.ini]
[2022.08.31-04.57.25:629][  0]LogConfig: Setting CVar [[r.SkeletalMeshLODBias:0]]
[2022.08.31-04.57.25:629][  0]LogConfig: Setting CVar [[r.ViewDistanceScale:1.0]]
[2022.08.31-04.57.25:629][  0]LogConfig: Applying CVar settings from Section [AntiAliasingQuality@3] File [C:/Work/UnrealMeta1/HelloUnreal/Saved/Config/Windows/Scalability.ini]
[2022.08.31-04.57.25:629][  0]LogConfig: Setting CVar [[r.PostProcessAAQuality:4]]
[2022.08.31-04.57.25:629][  0]LogConfig: Applying CVar settings from Section [ShadowQuality@3] File [C:/Work/UnrealMeta1/HelloUnreal/Saved/Config/Windows/Scalability.ini]
[2022.08.31-04.57.25:629][  0]LogConfig: Setting CVar [[r.LightFunctionQuality:1]]
[2022.08.31-04.57.25:629][  0]LogConfig: Setting CVar [[r.ShadowQuality:5]]
[2022.08.31-04.57.25:629][  0]LogConfig: Setting CVar [[r.Shadow.CSM.MaxCascades:10]]
[2022.08.31-04.57.25:629][  0]LogConfig: Setting CVar [[r.Shadow.MaxResolution:2048]]
[2022.08.31-04.57.25:629][  0]LogConfig: Setting CVar [[r.Shadow.MaxCSMResolution:2048]]
[2022.08.31-04.57.25:629][  0]LogConfig: Setting CVar [[r.Shadow.RadiusThreshold:0.01]]
[2022.08.31-04.57.25:629][  0]LogConfig: Setting CVar [[r.Shadow.DistanceScale:1.0]]
[2022.08.31-04.57.25:629][  0]LogConfig: Setting CVar [[r.Shadow.CSM.TransitionScale:1.0]]
[2022.08.31-04.57.25:629][  0]LogConfig: Setting CVar [[r.Shadow.PreShadowResolutionFactor:1.0]]
[2022.08.31-04.57.25:629][  0]LogConfig: Setting CVar [[r.DistanceFieldShadowing:1]]
[2022.08.31-04.57.25:629][  0]LogConfig: Setting CVar [[r.DistanceFieldAO:1]]
[2022.08.31-04.57.25:629][  0]LogConfig: Setting CVar [[r.AOQuality:2]]
[2022.08.31-04.57.25:629][  0]LogConfig: Setting CVar [[r.VolumetricFog:1]]
[2022.08.31-04.57.25:629][  0]LogConfig: Setting CVar [[r.VolumetricFog.GridPixelSize:8]]
[2022.08.31-04.57.25:629][  0]LogConfig: Setting CVar [[r.VolumetricFog.GridSizeZ:128]]
[2022.08.31-04.57.25:629][  0]LogConfig: Setting CVar [[r.VolumetricFog.HistoryMissSupersampleCount:4]]
[2022.08.31-04.57.25:629][  0]LogConfig: Setting CVar [[r.LightMaxDrawDistanceScale:1]]
[2022.08.31-04.57.25:629][  0]LogConfig: Setting CVar [[r.CapsuleShadows:1]]
[2022.08.31-04.57.25:629][  0]LogConfig: Applying CVar settings from Section [PostProcessQuality@3] File [C:/Work/UnrealMeta1/HelloUnreal/Saved/Config/Windows/Scalability.ini]
[2022.08.31-04.57.25:629][  0]LogConfig: Setting CVar [[r.MotionBlurQuality:4]]
[2022.08.31-04.57.25:629][  0]LogConfig: Setting CVar [[r.AmbientOcclusionMipLevelFactor:0.4]]
[2022.08.31-04.57.25:629][  0]LogConfig: Setting CVar [[r.AmbientOcclusionMaxQuality:100]]
[2022.08.31-04.57.25:629][  0]LogConfig: Setting CVar [[r.AmbientOcclusionLevels:-1]]
[2022.08.31-04.57.25:629][  0]LogConfig: Setting CVar [[r.AmbientOcclusionRadiusScale:1.0]]
[2022.08.31-04.57.25:629][  0]LogConfig: Setting CVar [[r.DepthOfFieldQuality:2]]
[2022.08.31-04.57.25:629][  0]LogConfig: Setting CVar [[r.RenderTargetPoolMin:400]]
[2022.08.31-04.57.25:629][  0]LogConfig: Setting CVar [[r.LensFlareQuality:2]]
[2022.08.31-04.57.25:629][  0]LogConfig: Setting CVar [[r.SceneColorFringeQuality:1]]
[2022.08.31-04.57.25:629][  0]LogConfig: Setting CVar [[r.EyeAdaptationQuality:2]]
[2022.08.31-04.57.25:629][  0]LogConfig: Setting CVar [[r.BloomQuality:5]]
[2022.08.31-04.57.25:629][  0]LogConfig: Setting CVar [[r.FastBlurThreshold:100]]
[2022.08.31-04.57.25:629][  0]LogConfig: Setting CVar [[r.Upscale.Quality:3]]
[2022.08.31-04.57.25:629][  0]LogConfig: Setting CVar [[r.Tonemapper.GrainQuantization:1]]
[2022.08.31-04.57.25:629][  0]LogConfig: Setting CVar [[r.LightShaftQuality:1]]
[2022.08.31-04.57.25:629][  0]LogConfig: Setting CVar [[r.Filter.SizeScale:1]]
[2022.08.31-04.57.25:629][  0]LogConfig: Setting CVar [[r.Tonemapper.Quality:5]]
[2022.08.31-04.57.25:629][  0]LogConfig: Setting CVar [[r.DOF.Gather.AccumulatorQuality:1        ; higher gathering accumulator quality]]
[2022.08.31-04.57.25:629][  0]LogConfig: Setting CVar [[r.DOF.Gather.PostfilterMethod:1          ; Median3x3 postfilering method]]
[2022.08.31-04.57.25:629][  0]LogConfig: Setting CVar [[r.DOF.Gather.EnableBokehSettings:0       ; no bokeh simulation when gathering]]
[2022.08.31-04.57.25:629][  0]LogConfig: Setting CVar [[r.DOF.Gather.RingCount:4                 ; medium number of samples when gathering]]
[2022.08.31-04.57.25:629][  0]LogConfig: Setting CVar [[r.DOF.Scatter.ForegroundCompositing:1    ; additive foreground scattering]]
[2022.08.31-04.57.25:629][  0]LogConfig: Setting CVar [[r.DOF.Scatter.BackgroundCompositing:2    ; additive background scattering]]
[2022.08.31-04.57.25:630][  0]LogConfig: Setting CVar [[r.DOF.Scatter.EnableBokehSettings:1      ; bokeh simulation when scattering]]
[2022.08.31-04.57.25:630][  0]LogConfig: Setting CVar [[r.DOF.Scatter.MaxSpriteRatio:0.1         ; only a maximum of 10% of scattered bokeh]]
[2022.08.31-04.57.25:630][  0]LogConfig: Setting CVar [[r.DOF.Recombine.Quality:1                ; cheap slight out of focus]]
[2022.08.31-04.57.25:630][  0]LogConfig: Setting CVar [[r.DOF.Recombine.EnableBokehSettings:0    ; no bokeh simulation on slight out of focus]]
[2022.08.31-04.57.25:630][  0]LogConfig: Setting CVar [[r.DOF.TemporalAAQuality:1                ; more stable temporal accumulation]]
[2022.08.31-04.57.25:630][  0]LogConfig: Setting CVar [[r.DOF.Kernel.MaxForegroundRadius:0.025]]
[2022.08.31-04.57.25:630][  0]LogConfig: Setting CVar [[r.DOF.Kernel.MaxBackgroundRadius:0.025]]
[2022.08.31-04.57.25:630][  0]LogConfig: Applying CVar settings from Section [TextureQuality@3] File [C:/Work/UnrealMeta1/HelloUnreal/Saved/Config/Windows/Scalability.ini]
[2022.08.31-04.57.25:630][  0]LogConfig: Setting CVar [[r.Streaming.MipBias:0]]
[2022.08.31-04.57.25:630][  0]LogConfig: Setting CVar [[r.Streaming.AmortizeCPUToGPUCopy:0]]
[2022.08.31-04.57.25:630][  0]LogConfig: Setting CVar [[r.Streaming.MaxNumTexturesToStreamPerFrame:0]]
[2022.08.31-04.57.25:630][  0]LogConfig: Setting CVar [[r.Streaming.Boost:1]]
[2022.08.31-04.57.25:630][  0]LogConfig: Setting CVar [[r.MaxAnisotropy:8]]
[2022.08.31-04.57.25:630][  0]LogConfig: Setting CVar [[r.VT.MaxAnisotropy:8]]
[2022.08.31-04.57.25:630][  0]LogConfig: Setting CVar [[r.Streaming.LimitPoolSizeToVRAM:0]]
[2022.08.31-04.57.25:630][  0]LogConfig: Setting CVar [[r.Streaming.PoolSize:1000]]
[2022.08.31-04.57.25:630][  0]LogConfig: Setting CVar [[r.Streaming.MaxEffectiveScreenSize:0]]
[2022.08.31-04.57.25:630][  0]LogConfig: Applying CVar settings from Section [EffectsQuality@3] File [C:/Work/UnrealMeta1/HelloUnreal/Saved/Config/Windows/Scalability.ini]
[2022.08.31-04.57.25:630][  0]LogConfig: Setting CVar [[r.TranslucencyLightingVolumeDim:64]]
[2022.08.31-04.57.25:630][  0]LogConfig: Setting CVar [[r.RefractionQuality:2]]
[2022.08.31-04.57.25:630][  0]LogConfig: Setting CVar [[r.SSR.Quality:3]]
[2022.08.31-04.57.25:630][  0]LogConfig: Setting CVar [[r.SSR.HalfResSceneColor:0]]
[2022.08.31-04.57.25:630][  0]LogConfig: Setting CVar [[r.SceneColorFormat:4]]
[2022.08.31-04.57.25:630][  0]LogConfig: Setting CVar [[r.DetailMode:2]]
[2022.08.31-04.57.25:630][  0]LogConfig: Setting CVar [[r.TranslucencyVolumeBlur:1]]
[2022.08.31-04.57.25:630][  0]LogConfig: Setting CVar [[r.MaterialQualityLevel:1 ; High quality]]
[2022.08.31-04.57.25:630][  0]LogConfig: Setting CVar [[r.AnisotropicMaterials:1]]
[2022.08.31-04.57.25:630][  0]LogConfig: Setting CVar [[r.SSS.Scale:1]]
[2022.08.31-04.57.25:630][  0]LogConfig: Setting CVar [[r.SSS.SampleSet:2]]
[2022.08.31-04.57.25:630][  0]LogConfig: Setting CVar [[r.SSS.Quality:1]]
[2022.08.31-04.57.25:630][  0]LogConfig: Setting CVar [[r.SSS.HalfRes:0]]
[2022.08.31-04.57.25:630][  0]LogConfig: Setting CVar [[r.SSGI.Quality:3]]
[2022.08.31-04.57.25:630][  0]LogConfig: Setting CVar [[r.EmitterSpawnRateScale:1.0]]
[2022.08.31-04.57.25:630][  0]LogConfig: Setting CVar [[r.ParticleLightQuality:2]]
[2022.08.31-04.57.25:630][  0]LogConfig: Setting CVar [[r.SkyAtmosphere.AerialPerspectiveLUT.FastApplyOnOpaque:1 ; Always have FastSkyLUT 1 in this case to avoid wrong sky]]
[2022.08.31-04.57.25:630][  0]LogConfig: Setting CVar [[r.SkyAtmosphere.AerialPerspectiveLUT.SampleCountMaxPerSlice:4]]
[2022.08.31-04.57.25:630][  0]LogConfig: Setting CVar [[r.SkyAtmosphere.AerialPerspectiveLUT.DepthResolution:16.0]]
[2022.08.31-04.57.25:630][  0]LogConfig: Setting CVar [[r.SkyAtmosphere.FastSkyLUT:1]]
[2022.08.31-04.57.25:630][  0]LogConfig: Setting CVar [[r.SkyAtmosphere.FastSkyLUT.SampleCountMin:4.0]]
[2022.08.31-04.57.25:630][  0]LogConfig: Setting CVar [[r.SkyAtmosphere.FastSkyLUT.SampleCountMax:128.0]]
[2022.08.31-04.57.25:630][  0]LogConfig: Setting CVar [[r.SkyAtmosphere.SampleCountMin:4.0]]
[2022.08.31-04.57.25:630][  0]LogConfig: Setting CVar [[r.SkyAtmosphere.SampleCountMax:128.0]]
[2022.08.31-04.57.25:630][  0]LogConfig: Setting CVar [[r.SkyAtmosphere.TransmittanceLUT.UseSmallFormat:0]]
[2022.08.31-04.57.25:630][  0]LogConfig: Setting CVar [[r.SkyAtmosphere.TransmittanceLUT.SampleCount:10.0]]
[2022.08.31-04.57.25:630][  0]LogConfig: Setting CVar [[r.SkyAtmosphere.MultiScatteringLUT.SampleCount:15.0]]
[2022.08.31-04.57.25:630][  0]LogConfig: Setting CVar [[r.SkyLight.RealTimeReflectionCapture:1]]
[2022.08.31-04.57.25:630][  0]LogConfig: Applying CVar settings from Section [FoliageQuality@3] File [C:/Work/UnrealMeta1/HelloUnreal/Saved/Config/Windows/Scalability.ini]
[2022.08.31-04.57.25:630][  0]LogConfig: Setting CVar [[foliage.DensityScale:1.0]]
[2022.08.31-04.57.25:630][  0]LogConfig: Setting CVar [[grass.DensityScale:1.0]]
[2022.08.31-04.57.25:630][  0]LogConfig: Applying CVar settings from Section [ShadingQuality@3] File [C:/Work/UnrealMeta1/HelloUnreal/Saved/Config/Windows/Scalability.ini]
[2022.08.31-04.57.25:630][  0]LogConfig: Setting CVar [[r.HairStrands.SkyLighting.IntegrationType:2]]
[2022.08.31-04.57.25:630][  0]LogConfig: Setting CVar [[r.HairStrands.SkyAO.SampleCount:4]]
[2022.08.31-04.57.25:630][  0]LogConfig: Setting CVar [[r.HairStrands.Visibility.MSAA.SamplePerPixel:4]]
[2022.08.31-04.57.25:630][  0]LogConfig: Applying CVar settings from Section [Startup] File [../../../Engine/Config/ConsoleVariables.ini]
[2022.08.31-04.57.25:631][  0]LogConfig: Setting CVar [[net.UseAdaptiveNetUpdateFrequency:0]]
[2022.08.31-04.57.25:631][  0]LogConfig: Setting CVar [[p.chaos.AllowCreatePhysxBodies:1]]
[2022.08.31-04.57.25:631][  0]LogConfig: Setting CVar [[fx.SkipVectorVMBackendOptimizations:1]]
[2022.08.31-04.57.25:631][  0]LogConfig: Applying CVar settings from Section [ConsoleVariables] File [C:/Work/UnrealMeta1/HelloUnreal/Saved/Config/Windows/Engine.ini]
[2022.08.31-04.57.25:631][  0]LogConfig: Applying CVar settings from Section [ConsoleVariables] File [C:/Work/UnrealMeta1/HelloUnreal/Saved/Config/Windows/Editor.ini]
[2022.08.31-04.57.25:631][  0]LogInit: Computer: DESKTOP-05RKITB
[2022.08.31-04.57.25:631][  0]LogInit: User: YGL
[2022.08.31-04.57.25:631][  0]LogInit: CPU Page size=4096, Cores=4
[2022.08.31-04.57.25:631][  0]LogInit: High frequency timer resolution =10.000000 MHz
[2022.08.31-04.57.25:631][  0]LogMemory: Memory total: Physical=15.8GB (16GB approx)
[2022.08.31-04.57.25:631][  0]LogMemory: Platform Memory Stats for Windows
[2022.08.31-04.57.25:631][  0]LogMemory: Process Physical Memory: 142.92 MB used, 142.92 MB peak
[2022.08.31-04.57.25:631][  0]LogMemory: Process Virtual Memory: 128.36 MB used, 128.36 MB peak
[2022.08.31-04.57.25:631][  0]LogMemory: Physical Memory: 7786.46 MB used,  8415.78 MB free, 16202.24 MB total
[2022.08.31-04.57.25:631][  0]LogMemory: Virtual Memory: 134210040.00 MB used,  7691.54 MB free, 134217728.00 MB total
[2022.08.31-04.57.25:632][  0]LogWindows: WindowsPlatformFeatures enabled
[2022.08.31-04.57.25:640][  0]LogInit: Physics initialised using underlying interface: PhysX
[2022.08.31-04.57.25:640][  0]LogInit: Using OS detected language (ko-KR).
[2022.08.31-04.57.25:640][  0]LogInit: Using OS detected locale (ko-KR).
[2022.08.31-04.57.25:645][  0]LogTextLocalizationManager: No specific localization for 'ko-KR' exists, so the 'ko' localization will be used.
[2022.08.31-04.57.25:753][  0]LogWindowsTextInputMethodSystem: Display: IME system deactivated.
[2022.08.31-04.57.25:764][  0]LogSlate: New Slate User Created.  User Index 0, Is Virtual User: 0
[2022.08.31-04.57.25:764][  0]LogSlate: Slate User Registered.  User Index 0, Is Virtual User: 0
[2022.08.31-04.57.25:776][  0]LogD3D11RHI: Loaded GFSDK_Aftermath_Lib.x64.dll
[2022.08.31-04.57.25:788][  0]LogHMD: Failed to initialize OpenVR with code 110
[2022.08.31-04.57.25:788][  0]LogD3D11RHI: D3D11 min allowed feature level: 11_0
[2022.08.31-04.57.25:788][  0]LogD3D11RHI: D3D11 max allowed feature level: 11_0
[2022.08.31-04.57.25:788][  0]LogD3D11RHI: D3D11 adapters:
[2022.08.31-04.57.25:875][  0]LogD3D11RHI:    0. 'NVIDIA GeForce GTX 1650 with Max-Q Design' (Feature Level 11_0)
[2022.08.31-04.57.25:875][  0]LogD3D11RHI:       3962/0/8101 MB DedicatedVideo/DedicatedSystem/SharedSystem, Outputs:1, VendorId:0x10de
[2022.08.31-04.57.25:887][  0]LogD3D11RHI:    1. 'Intel(R) UHD Graphics' (Feature Level 11_0)
[2022.08.31-04.57.25:887][  0]LogD3D11RHI:       128/0/8101 MB DedicatedVideo/DedicatedSystem/SharedSystem, Outputs:0, VendorId:0x8086
[2022.08.31-04.57.25:889][  0]LogD3D11RHI:    2. 'Microsoft Basic Render Driver' (Feature Level 11_0)
[2022.08.31-04.57.25:889][  0]LogD3D11RHI:       0/0/8101 MB DedicatedVideo/DedicatedSystem/SharedSystem, Outputs:0, VendorId:0x1414
[2022.08.31-04.57.25:889][  0]LogD3D11RHI: Chosen D3D11 Adapter:
[2022.08.31-04.57.25:889][  0]LogD3D11RHI:     Description : NVIDIA GeForce GTX 1650 with Max-Q Design
[2022.08.31-04.57.25:889][  0]LogD3D11RHI:     VendorId    : 10de
[2022.08.31-04.57.25:889][  0]LogD3D11RHI:     DeviceId    : 1f9d
[2022.08.31-04.57.25:889][  0]LogD3D11RHI:     SubSysId    : 12f41462
[2022.08.31-04.57.25:889][  0]LogD3D11RHI:     Revision    : 00a1
[2022.08.31-04.57.25:889][  0]LogD3D11RHI:     DedicatedVideoMemory : 4154458112 bytes
[2022.08.31-04.57.25:889][  0]LogD3D11RHI:     DedicatedSystemMemory : 0 bytes
[2022.08.31-04.57.25:889][  0]LogD3D11RHI:     SharedSystemMemory : 8494641152 bytes
[2022.08.31-04.57.25:889][  0]LogD3D11RHI:     AdapterLuid : 0 54489
[2022.08.31-04.57.25:893][  0]LogD3D11RHI: Creating new Direct3DDevice
[2022.08.31-04.57.25:893][  0]LogD3D11RHI:     GPU DeviceId: 0x1f9d (for the marketing name, search the web for "GPU Device Id")
[2022.08.31-04.57.25:893][  0]LogWindows: EnumDisplayDevices:
[2022.08.31-04.57.25:893][  0]LogWindows:    0. 'Intel(R) UHD Graphics' (P:1 D:1)
[2022.08.31-04.57.25:894][  0]LogWindows:    1. 'Intel(R) UHD Graphics' (P:0 D:0)
[2022.08.31-04.57.25:894][  0]LogWindows:    2. 'Intel(R) UHD Graphics' (P:0 D:0)
[2022.08.31-04.57.25:894][  0]LogWindows: DebugString: PrimaryIsNotTheChoosenAdapter PrimaryIsNotTheChoosenAdapter PrimaryIsNotTheChoosenAdapter FoundDriverCount:0 
[2022.08.31-04.57.25:894][  0]LogD3D11RHI:     Adapter Name: NVIDIA GeForce GTX 1650 with Max-Q Design
[2022.08.31-04.57.25:894][  0]LogD3D11RHI:   Driver Version: Unknown (internal:Unknown, unified:Unknown)
[2022.08.31-04.57.25:894][  0]LogD3D11RHI:      Driver Date: Unknown
[2022.08.31-04.57.25:894][  0]LogRHI: Texture pool is 2773 MB (70% of 3962 MB)
[2022.08.31-04.57.25:894][  0]LogD3D11RHI: Creating D3DDevice using adapter:
[2022.08.31-04.57.25:894][  0]LogD3D11RHI:     Description : NVIDIA GeForce GTX 1650 with Max-Q Design
[2022.08.31-04.57.25:894][  0]LogD3D11RHI:     VendorId    : 10de
[2022.08.31-04.57.25:894][  0]LogD3D11RHI:     DeviceId    : 1f9d
[2022.08.31-04.57.25:894][  0]LogD3D11RHI:     SubSysId    : 12f41462
[2022.08.31-04.57.25:894][  0]LogD3D11RHI:     Revision    : 00a1
[2022.08.31-04.57.25:894][  0]LogD3D11RHI:     DedicatedVideoMemory : 4154458112 bytes
[2022.08.31-04.57.25:894][  0]LogD3D11RHI:     DedicatedSystemMemory : 0 bytes
[2022.08.31-04.57.25:894][  0]LogD3D11RHI:     SharedSystemMemory : 8494641152 bytes
[2022.08.31-04.57.25:894][  0]LogD3D11RHI:     AdapterLuid : 0 54489
[2022.08.31-04.57.25:963][  0]LogD3D11RHI: RHI has support for 64 bit atomics
[2022.08.31-04.57.25:963][  0]LogD3D11RHI: Async texture creation enabled
[2022.08.31-04.57.25:963][  0]LogD3D11RHI: Array index from any shader is supported
[2022.08.31-04.57.25:974][  0]LogD3D11RHI: GPU Timing Frequency: 1000.000000 (Debug: 2 1)
[2022.08.31-04.57.26:003][  0]LogRHI: GeForceNow SDK initialized: 1
[2022.08.31-04.57.26:232][  0]LogTargetPlatformManager: Display: Loaded TargetPlatform 'WindowsNoEditor'
[2022.08.31-04.57.26:237][  0]LogTargetPlatformManager: Display: Loaded TargetPlatform 'Windows'
[2022.08.31-04.57.26:241][  0]LogTargetPlatformManager: Display: Loaded TargetPlatform 'WindowsClient'
[2022.08.31-04.57.26:246][  0]LogTargetPlatformManager: Display: Loaded TargetPlatform 'WindowsServer'
[2022.08.31-04.57.26:246][  0]LogTargetPlatformManager: Display: Building Assets For Windows
[2022.08.31-04.57.26:251][  0]LogAudioDebug: Display: Lib vorbis DLL was dynamically loaded.
[2022.08.31-04.57.26:278][  0]LogTextureFormatOodle: Display: Oodle Texture 2.9.0 init RDO Off
[2022.08.31-04.57.26:302][  0]LogRendererCore: Ray tracing is disabled. Reason: r.RayTracing=0.
[2022.08.31-04.57.26:302][  0]LogShaderCompilers: Guid format shader working directory is -2 characters bigger than the processId version (../../../../../../Work/UnrealMeta1/HelloUnreal/Intermediate/Shaders/WorkingDirectory/2836/).
[2022.08.31-04.57.26:303][  0]LogShaderCompilers: Cleaned the shader compiler working directory 'C:/Users/YGL/AppData/Local/Temp/UnrealShaderWorkingDir/BF0238694A445F7DABD42699D585CC2B/'.
[2022.08.31-04.57.26:303][  0]LogXGEController: Cannot use XGE Controller as Incredibuild is not installed on this machine.
[2022.08.31-04.57.26:303][  0]LogShaderCompilers: Cannot use XGE Shader Compiler as Incredibuild is not installed on this machine.
[2022.08.31-04.57.26:303][  0]LogShaderCompilers: Display: Using Local Shader Compiler.
[2022.08.31-04.57.27:010][  0]LogDerivedDataCache: Display: Max Cache Size: 512 MB
[2022.08.31-04.57.27:077][  0]LogDerivedDataCache: Loaded boot cache 0.07s 94MB C:/Users/YGL/AppData/Local/UnrealEngine/4.27/DerivedDataCache/Boot.ddc.
[2022.08.31-04.57.27:077][  0]LogDerivedDataCache: Display: Loaded Boot cache: C:/Users/YGL/AppData/Local/UnrealEngine/4.27/DerivedDataCache/Boot.ddc
[2022.08.31-04.57.27:077][  0]LogDerivedDataCache: FDerivedDataBackendGraph:  Pak pak cache file ../../../../../../Work/UnrealMeta1/HelloUnreal/DerivedDataCache/DDC.ddp not found, will not use a pak cache.
[2022.08.31-04.57.27:077][  0]LogDerivedDataCache: Unable to find inner node Pak for hierarchical cache Hierarchy.
[2022.08.31-04.57.27:077][  0]LogDerivedDataCache: FDerivedDataBackendGraph:  CompressedPak pak cache file ../../../../../../Work/UnrealMeta1/HelloUnreal/DerivedDataCache/Compressed.ddp not found, will not use a pak cache.
[2022.08.31-04.57.27:077][  0]LogDerivedDataCache: Unable to find inner node CompressedPak for hierarchical cache Hierarchy.
[2022.08.31-04.57.27:093][  0]LogDerivedDataCache: Display: Pak cache opened for reading ../../../Engine/DerivedDataCache/Compressed.ddp.
[2022.08.31-04.57.27:093][  0]LogDerivedDataCache: FDerivedDataBackendGraph:  EnterprisePak pak cache file ../../../Enterprise/DerivedDataCache/Compressed.ddp not found, will not use a pak cache.
[2022.08.31-04.57.27:093][  0]LogDerivedDataCache: Unable to find inner node EnterprisePak for hierarchical cache Hierarchy.
[2022.08.31-04.57.27:113][  0]LogDerivedDataCache: Speed tests for C:/Users/YGL/AppData/Local/UnrealEngine/Common/DerivedDataCache took 0.02 seconds
[2022.08.31-04.57.27:113][  0]LogDerivedDataCache: Display: Performance to C:/Users/YGL/AppData/Local/UnrealEngine/Common/DerivedDataCache: Latency=0.02ms. RandomReadSpeed=263.04MBs, RandomWriteSpeed=59.58MBs. Assigned SpeedClass 'Local'
[2022.08.31-04.57.27:113][  0]LogDerivedDataCache: Using Local data cache path C:/Users/YGL/AppData/Local/UnrealEngine/Common/DerivedDataCache: Writable
[2022.08.31-04.57.27:113][  0]LogDerivedDataCache: Shared data cache path not found in *engine.ini, will not use an Shared cache.
[2022.08.31-04.57.27:113][  0]LogDerivedDataCache: Unable to find inner node Shared for hierarchical cache Hierarchy.
[2022.08.31-04.57.27:147][  0]LogSlate: Using FreeType 2.10.0
[2022.08.31-04.57.27:147][  0]LogSlate: SlateFontServices - WITH_FREETYPE: 1, WITH_HARFBUZZ: 1
[2022.08.31-04.57.27:238][  0]LogInit: Using OS detected language (ko-KR).
[2022.08.31-04.57.27:238][  0]LogInit: Using OS detected locale (ko-KR).
[2022.08.31-04.57.27:238][  0]LogTextLocalizationManager: No localization for 'ko-KR' exists, so 'en' will be used for the language.
[2022.08.31-04.57.27:238][  0]LogTextLocalizationManager: No localization for 'ko-KR' exists, so 'en' will be used for the locale.
[2022.08.31-04.57.27:238][  0]LogSlate: FontCache flush requested. Reason: Culture for localization was changed
[2022.08.31-04.57.27:238][  0]LogSlate: FontCache flush requested. Reason: Culture for localization was changed
[2022.08.31-04.57.27:241][  0]LogAssetRegistry: FAssetRegistry took 0.0016 seconds to start up
[2022.08.31-04.57.27:403][  0]LogTextLocalizationManager: Compacting localization data took   0.00ms
[2022.08.31-04.57.27:403][  0]LogPackageLocalizationCache: Processed 28 localized package path(s) for 1 prioritized culture(s) in 0.001224 seconds
[2022.08.31-04.57.27:464][  0]LogInit: Selected Device Profile: [Windows]
[2022.08.31-04.57.27:465][  0]LogInit: Active device profile: [000001D716A40B00][000001D70E9D8640 49] Windows
[2022.08.31-04.57.27:465][  0]LogInit: Profiles: [000001D716A40B00][000001D70E9D8640 49] Windows, [000001D7169FDB00][000001D70E9E07C0 49] WindowsNoEditor, [000001D716A41900][000001D710406940 49] WindowsServer, [000001D7169FE800][000001D71040AAC0 49] WindowsClient, [000001D716A43C00][000001D71040EC40 49] IOS, [000001D7169FFC00][000001D710412DC0 49] iPadAir, [000001D716A43E00][000001D710416F40 49] iPadAir2, [000001D7169B4C00][000001D71041F200 49] IPadPro, [000001D7169B4D00][000001D71041B240 49] iPadAir3, [000001D7169FF500][000001D7104233C0 49] iPadAir4, [000001D7169B7600][000001D70E9DD500 49] iPadMini2, [000001D7169FEC00][000001D710427640 49] iPadMini3, [000001D7169B7800][000001D71042B780 49] iPadMini4, [000001D7169FF200][000001D71042F8C0 49] iPadMini5, [000001D7169C0600][000001D71043BB80 49] iPhone6, [000001D7169C0700][000001D710437BC0 49] iPodTouch6, [000001D716A42900][000001D710442300 49] iPhone7, [000001D716A42800][000001D71043E340 49] iPodTouch7, [000001D7169C0100][000001D7104464C0 49] iPhone5S, [000001D7169B4700][000001D71044A640 49] iPhone6Plus, [000001D7169C2500][000001D70F7A87C0 49] iPhone6S, [000001D7169B5300][000001D70F7AC940 49] iPhone6SPlus, [000001D7169C3B00][000001D70F7B0AC0 49] iPhone7Plus, [000001D7169B7500][000001D70F7B4C40 49] iPhoneSE, [000001D716A42600][000001D70F7B8DC0 49] iPhone8, [000001D7169B4600][000001D70F7BCF40 49] iPhone8Plus, [000001D716A42200][000001D70F7C10C0 49] iPhoneX, [000001D7169B7300][000001D70F7C5240 49] iPhoneXS, [000001D716A43400][000001D70F7C93C0 49] iPhoneXSMax, [000001D7169B6D00][000001D70F7CD540 49] iPhoneXR, [000001D716A40200][000001D70F7D16C0 49] iPhone11, [000001D7169B5E00][000001D710433800 49] iPhone11Pro, [000001D716A42A00][000001D70F7D5940 49] iPhone11ProMax, [000001D7169B7700][000001D70F7D9A80 49] iPhoneSE2, [000001D716A40D00][000001D70F7E1C00 49] iPhone12Mini, [000001D7169B5F00][000001D70F7E4200 49] iPhone12, [000001D716A40700][000001D70F7E8380 49] iPhone12Pro, [000001D7169B5400][000001D70F7EC500 49] iPhone12ProMax, [000001D716A40C00][000001D70F7F0680 49] iPadPro105, [000001D7169B5700][000001D70FEEC800 49] iPadPro129, [000001D716A40100][000001D70FEF0980 49] iPadPro97, [000001D7169B7C00][000001D70FEF4B00 49] iPadPro2_129, [000001D716A40800][000001D70FEF8C80 49] iPad5, [000001D7169B7100][000001D70FEFCE00 49] iPad6, [000001D716A40500][000001D70FF00F80 49] iPad7, [000001D7169B6800][000001D70FF05100 49] iPad8, [000001D716A40600][000001D70FF09280 49] iPadPro11, [000001D7169B4100][000001D70FF0D400 49] iPadPro2_11, [000001D716A41C00][000001D70FF11580 49] iPadPro3_129, [000001D7169B7E00][000001D70FF15700 49] iPadPro4_129, [000001D716A42500][000001D70FF19880 49] AppleTV, [000001D7169B6300][000001D70F7DD9C0 49] AppleTV4K, [000001D716A40400][000001D70FF1DB00 49] TVOS, [000001D7169B5C00][000001D70FF200C0 49] Mac, [000001D716A43D00][000001D70FF28240 49] MacClient, [000001D7169B6500][000001D70FF2C3C0 49] MacNoEditor, [000001D716A43100][000001D70FF30540 49] MacServer, [000001D7169B7900][000001D70FF346C0 49] Linux, [000001D716A41D00][000001D70FF38840 49] LinuxAArch64, [000001D7169B6100][000001D70FF3C9C0 49] LinuxNoEditor, [000001D716A41B00][000001D70FF40B40 49] LinuxAArch64NoEditor, [000001D7169B7B00][000001D70FF44CC0 49] LinuxClient, [000001D716A42E00][000001D70FF48E40 49] LinuxAArch64Client, [000001D7169B6200][000001D70FF4CFC0 49] LinuxServer, [000001D716A42F00][000001D70FF51140 49] LinuxAArch64Server, [000001D7169B5000][000001D70FF552C0 49] Android, [000001D716A41E00][000001D70FF59440 49] Android_Low, [000001D7169B4500][000001D70FF5D5C0 49] Android_Mid, [000001D716A42400][000001D70FF61740 49] Android_High, [000001D7169B7F00][000001D70FF658C0 49] Android_Default, [000001D716A42000][000001D70FF69A40 49] Android_Adreno4xx, [000001D7169FDE00][000001D70FF25B80 49] Android_Adreno5xx_Low, [000001D7169C3500][000001D70FF6C140 49] Android_Adreno5xx, [000001D7169FF700][000001D70FF70280 49] Android_Adreno6xx, [000001D7169C2B00][000001D70FF743C0 49] Android_Adreno6xx_Vulkan, [000001D7169FF800][000001D70FF7C540 49] Android_Mali_T6xx, [000001D7169C0F00][000001D70FF806C0 49] Android_Mali_T7xx, [000001D7169FCD00][000001D70FF84840 49] Android_Mali_T8xx, [000001D7169C1F00][000001D70FF889C0 49] Android_Mali_G71, [000001D7169FD600][000001D70FF8CB40 49] Android_Mali_G72, [000001D7169C2400][000001D70FF90CC0 49] Android_Mali_G72_Vulkan, [000001D7169FF000][000001D70FF94E40 49] Android_Mali_G76, [000001D7169C2100][000001D70FF98FC0 49] Android_Mali_G76_Vulkan, [000001D7169FD500][000001D70FF9D140 49] Android_Mali_G77, [000001D7169C0A00][000001D70FFA12C0 49] Android_Mali_G77_Vulkan, [000001D7169FEE00][000001D70FFA5440 49] Android_Mali_G78, [000001D7169C1300][000001D70FFA95C0 49] Android_Mali_G78_Vulkan, [000001D7169FE300][000001D70FFAD740 49] Android_Mali_G710, [000001D7169C3D00][000001D70FFB18C0 49] Android_Mali_G710_Vulkan, [000001D7169FD800][000001D70FFB5A40 49] Android_Vulkan_SM5, [000001D7169C0900][000001D70FFB9BC0 49] Android_PowerVR_G6xxx, [000001D7169FD900][000001D70FF78180 49] Android_PowerVR_GT7xxx, [000001D7169C2700][000001D70FFBC2C0 49] Android_PowerVR_GE8xxx, [000001D7169FDD00][000001D70FFC0400 49] Android_PowerVR_GM9xxx, [000001D7169C3200][000001D70FFC4540 49] Android_PowerVR_GM9xxx_Vulkan, [000001D7169FEA00][000001D70FFCC6C0 49] Android_TegraK1, [000001D7169C1700][000001D70FFD0840 49] Android_Unknown_Vulkan, [000001D7169FF100][000001D70FFD49C0 49] Lumin, [000001D7169C0200][000001D70FFD8B40 49] Lumin_Desktop, [000001D7169FDC00][000001D70FFDCCC0 49] HoloLens, 
[2022.08.31-04.57.27:499][  0]LogMeshReduction: Using QuadricMeshReduction for automatic static mesh reduction
[2022.08.31-04.57.27:499][  0]LogMeshReduction: Using SimplygonMeshReduction for automatic skeletal mesh reduction
[2022.08.31-04.57.27:499][  0]LogMeshReduction: Using ProxyLODMeshReduction for automatic mesh merging
[2022.08.31-04.57.27:499][  0]LogMeshReduction: No distributed automatic mesh merging module available
[2022.08.31-04.57.27:499][  0]LogMeshMerging: No distributed automatic mesh merging module available
[2022.08.31-04.57.27:598][  0]LogNetVersion: WeekThird1 1.0.0, NetCL: 17155196, EngineNetVer: 17, GameNetVer: 0 (Checksum: 1017440892)
[2022.08.31-04.57.27:802][  0]LogTexture: Default maximum texture size for cubemaps generated from long-lat sources has been changed from 512 to unlimited. In order to preserve old behaiour for '/Engine/MapTemplates/Sky/DaylightAmbientCubemap.DaylightAmbientCubemap', its maximum texture size has been explicitly set to 512.
[2022.08.31-04.57.27:858][  0]LogHMD: PokeAHoleMaterial loaded successfully
[2022.08.31-04.57.27:948][  0]LogMoviePlayer: Initializing movie player
[2022.08.31-04.57.28:047][  0]LogNiagaraDebuggerClient: Niagara Debugger Client Initialized | Session: E3C56AEF4FB037D819FC048BA8B3E6E0 | Instance: 2280319548E4CB4E3B898495631BE8BA (DESKTOP-05RKITB-2836).
[2022.08.31-04.57.28:065][  0]LogCollectionManager: Loaded 0 collections in 0.001672 seconds
[2022.08.31-04.57.28:066][  0]LogFileCache: Scanning file cache for directory 'C:/Work/UnrealMeta1/HelloUnreal/Saved/Collections/' took 0.00s
[2022.08.31-04.57.28:066][  0]LogFileCache: Scanning file cache for directory 'C:/Work/UnrealMeta1/HelloUnreal/Content/Developers/YGL/Collections/' took 0.00s
[2022.08.31-04.57.28:066][  0]LogFileCache: Scanning file cache for directory 'C:/Work/UnrealMeta1/HelloUnreal/Content/Collections/' took 0.00s
[2022.08.31-04.57.28:066][  0]LogCollectionManager: Fixed up redirectors for 0 collections in 0.000001 seconds (updated 0 objects)
[2022.08.31-04.57.28:080][  0]LogPython: Using Python 3.7.7
[2022.08.31-04.57.28:564][  0]LogTcpMessaging: Initializing TcpMessaging bridge
[2022.08.31-04.57.28:567][  0]LogUdpMessaging: Initializing bridge on interface 0.0.0.0:0 to multicast group 230.0.0.1:6666.
[2022.08.31-04.57.28:567][  0]FUdpSocketBuilder: Failed to subscribe UdpMessageMulticastSocket to multicast group 230.0.0.1 on interface 0.0.0.0
[2022.08.31-04.57.28:567][  0]FUdpSocketBuilder: Failed to create and initialize socket UdpMessageMulticastSocket (last error: 0)
[2022.08.31-04.57.28:567][  0]LogUdpMessaging: Warning: StartTransport failed to create multicast socket on 0.0.0.0:0, joined to 230.0.0.1:6666 with TTL 1
[2022.08.31-04.57.28:650][  0]SourceControl: Source control is disabled
[2022.08.31-04.57.28:650][  0]SourceControl: Source control is disabled
[2022.08.31-04.57.28:652][  0]SourceControl: Source control is disabled
[2022.08.31-04.57.28:660][  0]LogUProjectInfo: Found projects:
[2022.08.31-04.57.28:721][  0]LogOpenImageDenoise: OIDN starting up
[2022.08.31-04.57.28:752][  0]LogAndroidPermission: UAndroidPermissionCallbackProxy::GetInstance
[2022.08.31-04.57.28:769][  0]LogAudioCaptureCore: Display: No Audio Capture implementations found. Audio input will be silent.
[2022.08.31-04.57.28:769][  0]LogAudioCaptureCore: Display: No Audio Capture implementations found. Audio input will be silent.
[2022.08.31-04.57.28:837][  0]LogOcInput: OculusInput pre-init called
[2022.08.31-04.57.28:846][  0]LogUObjectArray: 22121 objects as part of root set at end of initial load.
[2022.08.31-04.57.28:846][  0]LogUObjectAllocator: 5975632 out of 0 bytes used by permanent object pool.
[2022.08.31-04.57.28:846][  0]LogUObjectArray: CloseDisregardForGC: 0/0 objects in disregard for GC pool
[2022.08.31-04.57.28:883][  0]LogEngine: Initializing Engine...
[2022.08.31-04.57.28:885][  0]LogHMD: Failed to enumerate extensions. Please check that you have a valid OpenXR runtime installed.
[2022.08.31-04.57.28:885][  0]LogHMD: Failed to initialize OpenVR with code 110
[2022.08.31-04.57.28:885][  0]LogMagicLeap: Warning: VR disabled because ZI is not enabled.  To enable, in the editor, Edit -> Project Settings -> Plugins -> Magic Leap Plugin -> Enable Zero Iteration
[2022.08.31-04.57.28:886][  0]LogStats: UGameplayTagsManager::InitializeManager -  0.000 s
[2022.08.31-04.57.28:984][  0]LogInit: Initializing FReadOnlyCVARCache
[2022.08.31-04.57.28:984][  0]LogAudio: Display: Initializing Audio Device Manager...
[2022.08.31-04.57.28:987][  0]LogAudio: Display: Loading Default Audio Settings Objects...
[2022.08.31-04.57.28:987][  0]LogAudio: Display: No default SoundConcurrencyObject specified (or failed to load).
[2022.08.31-04.57.28:988][  0]LogAudio: Display: Audio Device Manager Initialized
[2022.08.31-04.57.28:988][  0]LogAudio: Display: Creating Audio Device:                 Id: 1, Scope: Shared, Realtime: True
[2022.08.31-04.57.28:988][  0]LogAudioMixer: Display: Audio Mixer Platform Settings:
[2022.08.31-04.57.28:988][  0]LogAudioMixer: Display: 	Sample Rate:						  48000
[2022.08.31-04.57.28:988][  0]LogAudioMixer: Display: 	Callback Buffer Frame Size Requested: 1024
[2022.08.31-04.57.28:988][  0]LogAudioMixer: Display: 	Callback Buffer Frame Size To Use:	  1024
[2022.08.31-04.57.28:988][  0]LogAudioMixer: Display: 	Number of buffers to queue:			  2
[2022.08.31-04.57.28:988][  0]LogAudioMixer: Display: 	Max Channels (voices):				  32
[2022.08.31-04.57.28:988][  0]LogAudioMixer: Display: 	Number of Async Source Workers:		  0
[2022.08.31-04.57.28:988][  0]LogAudio: Display: AudioDevice MaxSources: 32
[2022.08.31-04.57.28:988][  0]LogAudio: Display: Audio Spatialization Plugin: None (built-in).
[2022.08.31-04.57.28:988][  0]LogAudio: Display: Audio Reverb Plugin: None (built-in).
[2022.08.31-04.57.28:988][  0]LogAudio: Display: Audio Occlusion Plugin: None (built-in).
[2022.08.31-04.57.28:988][  0]LogAudioMixer: Display: Initializing audio mixer.
[2022.08.31-04.57.29:003][  0]LogAudioMixer: Display: 0: FrontLeft
[2022.08.31-04.57.29:003][  0]LogAudioMixer: Display: 1: FrontRight
[2022.08.31-04.57.29:012][  0]LogAudioMixer: Display: Using Audio Device 스피커(Realtek(R) Audio)
[2022.08.31-04.57.29:017][  0]LogAudioMixer: Display: Initializing Sound Submixes...
[2022.08.31-04.57.29:019][  0]LogAudioMixer: Display: Creating Master Submix 'MasterSubmixDefault'
[2022.08.31-04.57.29:019][  0]LogAudioMixer: Display: Creating Master Submix 'MasterReverbSubmixDefault'
[2022.08.31-04.57.29:020][  0]LogAudioMixer: Display: Creating Master Submix 'MasterEQSubmixDefault'
[2022.08.31-04.57.29:020][  0]LogAudioMixer: FMixerPlatformXAudio2::StartAudioStream() called
[2022.08.31-04.57.29:020][  0]LogAudioMixer: Display: Output buffers initialized: Frames=1024, Channels=2, Samples=2048
[2022.08.31-04.57.29:021][  0]LogAudioMixer: Display: Starting AudioMixerPlatformInterface::RunInternal()
[2022.08.31-04.57.29:021][  0]LogAudioMixer: Display: FMixerPlatformXAudio2::SubmitBuffer() called for the first time
[2022.08.31-04.57.29:021][  0]LogInit: FAudioDevice initialized.
[2022.08.31-04.57.29:022][  0]LogNetVersion: Set ProjectVersion to 1.0.0.0. Version Checksum will be recalculated on next use.
[2022.08.31-04.57.29:023][  0]LogInit: Texture streaming: Enabled
[2022.08.31-04.57.29:099][  0]LogAudio: Display: Audio Device (ID: 1) registered with world 'Untitled'.
[2022.08.31-04.57.29:099][  0]LogSlate: Updating window title bar state: overlay mode, drag disabled, window buttons hidden, title bar hidden
[2022.08.31-04.57.29:099][  0]LogInit: Display: Game Engine Initialized.
[2022.08.31-04.57.29:100][  0]LogNiagaraEditor: GEditor isn't valid! Particle reset commands will not work for Niagara components!
[2022.08.31-04.57.29:209][  0]LogInit: Display: Starting Game.
[2022.08.31-04.57.29:211][  0]LogNet: Browse: /Game/HelloUnreal/NewWorld?Name=Player
[2022.08.31-04.57.29:211][  0]LogLoad: LoadMap: /Game/HelloUnreal/NewWorld?Name=Player
[2022.08.31-04.57.29:211][  0]LogWorld: BeginTearingDown for /Temp/Untitled_0
[2022.08.31-04.57.29:212][  0]LogUdpMessaging: Warning: UDP messaging encountered an error. Auto repair routine started for reinitialization
[2022.08.31-04.57.29:213][  0]LogWorld: UWorld::CleanupWorld for Untitled, bSessionEnded=true, bCleanupResources=true
[2022.08.31-04.57.29:213][  0]LogSlate: InvalidateAllWidgets triggered.  All widgets were invalidated
[2022.08.31-04.57.29:218][  0]LogAudio: Display: Audio Device unregistered from world 'None'.
[2022.08.31-04.57.29:220][  0]LogUObjectHash: Compacting FUObjectHashTables data took   0.67ms
[2022.08.31-04.57.29:310][  0]LogAudio: Display: Audio Device (ID: 1) registered with world 'NewWorld'.
[2022.08.31-04.57.29:316][  0]LogAIModule: Creating AISystem for world NewWorld
[2022.08.31-04.57.29:316][  0]LogLoad: Game class is 'BP_MyGameMode_C'
[2022.08.31-04.57.29:319][  0]LogWorld: Bringing World /Game/HelloUnreal/NewWorld.NewWorld up for play (max tick rate 0) at 2022.08.31-13.57.29
[2022.08.31-04.57.29:319][  0]LogWorld: Bringing up level for play took: 0.001852
[2022.08.31-04.57.29:319][  0]LogGameMode: FindPlayerStart: PATHS NOT DEFINED or NO PLAYERSTART with positive rating
[2022.08.31-04.57.29:321][  0]LogLoad: Took 0.110357 seconds to LoadMap(/Game/HelloUnreal/NewWorld)
[2022.08.31-04.57.29:345][  0]LogSlate: Took 0.000239 seconds to synchronously load lazily loaded font '../../../Engine/Content/Slate/Fonts/Roboto-Regular.ttf' (155K)
[2022.08.31-04.57.29:366][  0]LogRenderer: Reallocating scene render targets to support 1280x720 Format 10 NumSamples 1 (Frame:1).
[2022.08.31-04.57.29:366][  0]LogInit: Display: Engine is initialized. Leaving FEngineLoop::Init()
[2022.08.31-04.57.29:366][  0]LogLoad: (Engine Initialization) Total time: 4.69 seconds
[2022.08.31-04.57.29:366][  0]LogLoad: (Engine Initialization) Total Blueprint compile time: 0.00 seconds
[2022.08.31-04.57.29:369][  0]LogContentStreaming: Texture pool size now 1000 MB
[2022.08.31-04.57.29:371][  0]LogSlate: InvalidateAllWidgets triggered.  All widgets were invalidated
[2022.08.31-04.57.29:581][  0]LogRenderer: Reallocating scene render targets to support 128x128 Format 10 NumSamples 1 (Frame:1).
[2022.08.31-04.57.29:609][  0]LogRenderer: Reallocating scene render targets to support 1280x720 Format 10 NumSamples 1 (Frame:2).
[2022.08.31-04.57.29:635][  1]LogSlate: Took 0.000286 seconds to synchronously load lazily loaded font '../../../Engine/Content/Slate/Fonts/Roboto-Regular.ttf' (155K)
[2022.08.31-04.57.30:480][140]FUdpSocketBuilder: Failed to subscribe UdpMessageMulticastSocket to multicast group 230.0.0.1 on interface 0.0.0.0
[2022.08.31-04.57.30:480][140]FUdpSocketBuilder: Failed to create and initialize socket UdpMessageMulticastSocket (last error: 0)
[2022.08.31-04.57.30:480][140]LogUdpMessaging: Warning: StartTransport failed to create multicast socket on 0.0.0.0:0, joined to 230.0.0.1:6666 with TTL 1
[2022.08.31-04.57.30:494][144]LogUdpMessaging: Warning: UDP messaging encountered an error. Auto repair routine started for reinitialization
[2022.08.31-04.57.31:690][334]FUdpSocketBuilder: Failed to subscribe UdpMessageMulticastSocket to multicast group 230.0.0.1 on interface 0.0.0.0
[2022.08.31-04.57.31:690][334]FUdpSocketBuilder: Failed to create and initialize socket UdpMessageMulticastSocket (last error: 0)
[2022.08.31-04.57.31:690][334]LogUdpMessaging: Warning: StartTransport failed to create multicast socket on 0.0.0.0:0, joined to 230.0.0.1:6666 with TTL 1
[2022.08.31-04.57.31:705][338]LogUdpMessaging: Warning: UDP messaging encountered an error. Auto repair routine started for reinitialization
[2022.08.31-04.57.32:899][530]FUdpSocketBuilder: Failed to subscribe UdpMessageMulticastSocket to multicast group 230.0.0.1 on interface 0.0.0.0
[2022.08.31-04.57.32:899][530]FUdpSocketBuilder: Failed to create and initialize socket UdpMessageMulticastSocket (last error: 0)
[2022.08.31-04.57.32:899][530]LogUdpMessaging: Warning: StartTransport failed to create multicast socket on 0.0.0.0:0, joined to 230.0.0.1:6666 with TTL 1
[2022.08.31-04.57.32:912][534]LogUdpMessaging: Warning: UDP messaging encountered an error. Auto repair routine started for reinitialization
[2022.08.31-04.57.34:109][735]FUdpSocketBuilder: Failed to subscribe UdpMessageMulticastSocket to multicast group 230.0.0.1 on interface 0.0.0.0
[2022.08.31-04.57.34:109][735]FUdpSocketBuilder: Failed to create and initialize socket UdpMessageMulticastSocket (last error: 0)
[2022.08.31-04.57.34:109][735]LogUdpMessaging: Warning: StartTransport failed to create multicast socket on 0.0.0.0:0, joined to 230.0.0.1:6666 with TTL 1
[2022.08.31-04.57.34:122][739]LogUdpMessaging: Warning: UDP messaging encountered an error. Auto repair routine started for reinitialization
